Array
(
    [0] => Array
        (
            [0] => GRPC\authentication\LoginMobileRequest Object
                (
                    [mobile] => 09387578068
                    [password] => 12345678
                )

            [1] => GRPC\authentication\LoginMobileResponse
        )

)
Array
(
    [0] => Array
        (
            [0] => GRPC\authentication\LoginMobileRequest Object
                (
                    [mobile] => 09387578068
                    [password] => 12345678
                )

            [1] => GRPC\authentication\LoginMobileResponse
        )

)
Array
(
    [0] => Array
        (
            [0] => GRPC\authentication\LoginMobileRequest Object
                (
                    [mobile] => 09387578068
                    [password] => 12345678
                )

            [1] => GRPC\authentication\LoginMobileResponse
        )

)
Array
(
    [0] => Array
        (
            [0] => GRPC\authentication\LoginMobileRequest Object
                (
                    [mobile] => 09387578068
                    [password] => 12345678
                )

            [1] => GRPC\authentication\LoginMobileResponse
        )

)
Array
(
    [0] => Array
        (
            [0] => GRPC\authentication\LoginMobileRequest Object
                (
                    [mobile] => 09387578068
                    [password] => 12345678
                )

            [1] => GRPC\authentication\LoginMobileResponse
        )

)
Array
(
    [0] => Array
        (
            [0] => GRPC\authentication\LoginMobileRequest Object
                (
                    [mobile] => 09387578068
                    [password] => 12345678
                )

            [1] => GRPC\authentication\LoginMobileResponse
        )

)
Array
(
    [0] => Array
        (
            [0] => GRPC\authentication\LoginMobileRequest Object
                (
                    [mobile] => 09387578068
                    [password] => 12345678
                )

            [1] => GRPC\authentication\LoginMobileResponse
        )

)
Array
(
    [0] => GRPC\authentication\LoginMobileRequest Object
        (
            [mobile] => 09387578068
            [password] => 12345678
        )

    [1] => GRPC\authentication\LoginMobileResponse
)
Array
(
    [0] => GRPC\authentication\LoginMobileRequest Object
        (
            [mobile] => 09387578068
            [password] => 12345678
        )

    [1] => GRPC\authentication\LoginMobileResponse
)
Array
(
    [0] => GRPC\authentication\LoginMobileRequest Object
        (
            [mobile] => 09387578068
            [password] => 12345678
        )

    [1] => GRPC\authentication\LoginMobileResponse
)
Array
(
    [0] => GRPC\authentication\LoginMobileRequest Object
        (
            [mobile] => 09387578068
            [password] => 12345678
        )

    [1] => GRPC\authentication\LoginMobileResponse
)
Array
(
    [0] => GRPC\authentication\LoginMobileRequest Object
        (
            [mobile] => 09387578068
            [password] => 12345678
        )

    [1] => GRPC\authentication\LoginMobileResponse
)
